# JRE version: OpenJDK Runtime Environment (14.0.2+12) (build 14.0.2+12-46)
# Java VM: OpenJDK 64-Bit Server VM (14.0.2+12-46, mixed mode, tiered, compressed oops, g1 gc, windows-amd64)
Heap:
 garbage-first heap   total 75776K, used 17705K [0x00000000c1e00000, 0x0000000100000000)
  region size 1024K, 3 young (3072K), 3 survivors (3072K)
 Metaspace       used 28313K, capacity 29268K, committed 29360K, reserved 1075200K
  class space    used 3470K, capacity 3800K, committed 3840K, reserved 1048576K
GC Heap History (19 events):
Event: 1.093 GC heap before
{Heap before GC invocations=0 (full 0):
 garbage-first heap   total 65536K, used 15360K [0x00000000c1e00000, 0x0000000100000000)
  region size 1024K, 13 young (13312K), 0 survivors (0K)
 Metaspace       used 11570K, capacity 11777K, committed 12032K, reserved 1060864K
  class space    used 1197K, capacity 1270K, committed 1280K, reserved 1048576K
}
Event: 1.102 GC heap after
{Heap after GC invocations=1 (full 0):
 garbage-first heap   total 65536K, used 10579K [0x00000000c1e00000, 0x0000000100000000)
  region size 1024K, 2 young (2048K), 2 survivors (2048K)
 Metaspace       used 11570K, capacity 11777K, committed 12032K, reserved 1060864K
  class space    used 1197K, capacity 1270K, committed 1280K, reserved 1048576K
}
Event: 1.334 GC heap before
{Heap before GC invocations=1 (full 0):
 garbage-first heap   total 65536K, used 16723K [0x00000000c1e00000, 0x0000000100000000)
  region size 1024K, 8 young (8192K), 2 survivors (2048K)
 Metaspace       used 13727K, capacity 14069K, committed 14080K, reserved 1062912K
  class space    used 1425K, capacity 1528K, committed 1536K, reserved 1048576K
}
Event: 1.342 GC heap after
{Heap after GC invocations=2 (full 0):
 garbage-first heap   total 65536K, used 11539K [0x00000000c1e00000, 0x0000000100000000)
  region size 1024K, 1 young (1024K), 1 survivors (1024K)
 Metaspace       used 13727K, capacity 14069K, committed 14080K, reserved 1062912K
  class space    used 1425K, capacity 1528K, committed 1536K, reserved 1048576K
}
Event: 1.993 GC heap before
{Heap before GC invocations=2 (full 0):
 garbage-first heap   total 65536K, used 28947K [0x00000000c1e00000, 0x0000000100000000)
  region size 1024K, 18 young (18432K), 1 survivors (1024K)
 Metaspace       used 15420K, capacity 15762K, committed 15872K, reserved 1062912K
  class space    used 1665K, capacity 1785K, committed 1792K, reserved 1048576K
}
Event: 1.999 GC heap after
{Heap after GC invocations=3 (full 0):
 garbage-first heap   total 65536K, used 12139K [0x00000000c1e00000, 0x0000000100000000)
  region size 1024K, 2 young (2048K), 2 survivors (2048K)
 Metaspace       used 15420K, capacity 15762K, committed 15872K, reserved 1062912K
  class space    used 1665K, capacity 1785K, committed 1792K, reserved 1048576K
}
Event: 2.946 GC heap before
{Heap before GC invocations=3 (full 0):
 garbage-first heap   total 65536K, used 40811K [0x00000000c1e00000, 0x0000000100000000)
  region size 1024K, 30 young (30720K), 2 survivors (2048K)
 Metaspace       used 18499K, capacity 19015K, committed 19200K, reserved 1067008K
  class space    used 2103K, capacity 2300K, committed 2304K, reserved 1048576K
}
Event: 2.956 GC heap after
{Heap after GC invocations=4 (full 0):
 garbage-first heap   total 65536K, used 13267K [0x00000000c1e00000, 0x0000000100000000)
  region size 1024K, 3 young (3072K), 3 survivors (3072K)
 Metaspace       used 18499K, capacity 19015K, committed 19200K, reserved 1067008K
  class space    used 2103K, capacity 2300K, committed 2304K, reserved 1048576K
}
Event: 3.199 GC heap before
{Heap before GC invocations=4 (full 0):
 garbage-first heap   total 65536K, used 29651K [0x00000000c1e00000, 0x0000000100000000)
  region size 1024K, 21 young (21504K), 3 survivors (3072K)
 Metaspace       used 20633K, capacity 21155K, committed 21296K, reserved 1069056K
  class space    used 2381K, capacity 2613K, committed 2688K, reserved 1048576K
}
Event: 3.206 GC heap after
{Heap after GC invocations=5 (full 0):
 garbage-first heap   total 78848K, used 13873K [0x00000000c1e00000, 0x0000000100000000)
  region size 1024K, 3 young (3072K), 3 survivors (3072K)
 Metaspace       used 20633K, capacity 21155K, committed 21296K, reserved 1069056K
  class space    used 2381K, capacity 2613K, committed 2688K, reserved 1048576K
}
Event: 4.084 GC heap before
{Heap before GC invocations=6 (full 0):
 garbage-first heap   total 58368K, used 56881K [0x00000000c1e00000, 0x0000000100000000)
  region size 1024K, 45 young (46080K), 3 survivors (3072K)
 Metaspace       used 24207K, capacity 24951K, committed 25136K, reserved 1071104K
  class space    used 2876K, capacity 3135K, committed 3200K, reserved 1048576K
}
Event: 4.090 GC heap after
{Heap after GC invocations=7 (full 0):
 garbage-first heap   total 62464K, used 15225K [0x00000000c1e00000, 0x0000000100000000)
  region size 1024K, 4 young (4096K), 4 survivors (4096K)
 Metaspace       used 24207K, capacity 24951K, committed 25136K, reserved 1071104K
  class space    used 2876K, capacity 3135K, committed 3200K, reserved 1048576K
}
Event: 4.105 GC heap before
{Heap before GC invocations=7 (full 0):
 garbage-first heap   total 62464K, used 43897K [0x00000000c1e00000, 0x0000000100000000)
  region size 1024K, 33 young (33792K), 4 survivors (4096K)
 Metaspace       used 24268K, capacity 24951K, committed 25136K, reserved 1071104K
  class space    used 2881K, capacity 3135K, committed 3200K, reserved 1048576K
}
Event: 4.110 GC heap after
{Heap after GC invocations=8 (full 0):
 garbage-first heap   total 62464K, used 15664K [0x00000000c1e00000, 0x0000000100000000)
  region size 1024K, 3 young (3072K), 3 survivors (3072K)
 Metaspace       used 24268K, capacity 24951K, committed 25136K, reserved 1071104K
  class space    used 2881K, capacity 3135K, committed 3200K, reserved 1048576K
}
Event: 4.387 GC heap before
{Heap before GC invocations=8 (full 0):
 garbage-first heap   total 62464K, used 45360K [0x00000000c1e00000, 0x0000000100000000)
  region size 1024K, 33 young (33792K), 3 survivors (3072K)
 Metaspace       used 25478K, capacity 26212K, committed 26288K, reserved 1073152K
  class space    used 3030K, capacity 3299K, committed 3328K, reserved 1048576K
}
Event: 4.393 GC heap after
{Heap after GC invocations=9 (full 0):
 garbage-first heap   total 62464K, used 16201K [0x00000000c1e00000, 0x0000000100000000)
  region size 1024K, 3 young (3072K), 3 survivors (3072K)
 Metaspace       used 25478K, capacity 26212K, committed 26288K, reserved 1073152K
  class space    used 3030K, capacity 3299K, committed 3328K, reserved 1048576K
}
Event: 4.814 GC heap before
{Heap before GC invocations=9 (full 0):
 garbage-first heap   total 62464K, used 47945K [0x00000000c1e00000, 0x0000000100000000)
  region size 1024K, 34 young (34816K), 3 survivors (3072K)
 Metaspace       used 26536K, capacity 27337K, committed 27568K, reserved 1073152K
  class space    used 3195K, capacity 3499K, committed 3584K, reserved 1048576K
}
Event: 4.825 GC heap after
{Heap after GC invocations=10 (full 0):
 garbage-first heap   total 62464K, used 16723K [0x00000000c1e00000, 0x0000000100000000)
  region size 1024K, 3 young (3072K), 3 survivors (3072K)
 Metaspace       used 26536K, capacity 27337K, committed 27568K, reserved 1073152K
  class space    used 3195K, capacity 3499K, committed 3584K, reserved 1048576K
}
Event: 5.442 GC heap before
{Heap before GC invocations=10 (full 0):
 garbage-first heap   total 62464K, used 48467K [0x00000000c1e00000, 0x0000000100000000)
  region size 1024K, 34 young (34816K), 3 survivors (3072K)
 Metaspace       used 28313K, capacity 29268K, committed 29360K, reserved 1075200K
  class space    used 3470K, capacity 3800K, committed 3840K, reserved 1048576K
}

